0 silly argv {
0 silly argv   _: [ 'add' ],
0 silly argv   exact: true,
0 silly argv   E: true,
0 silly argv   dev: true,
0 silly argv   D: true,
0 silly argv   scope: 'react-jbook-udemy',
0 silly argv   globs: [],
0 silly argv   lernaVersion: '3.22.1',
0 silly argv   '$0': '/usr/bin/lerna',
0 silly argv   pkg: 'esbuild@0.8.26'
0 silly argv }
1 notice cli v3.22.1
2 verbose rootPath /home/rupamswain1/Documents/Development/react-typescript-jbookapp
3 error FetchError: request to https://registry.npmjs.org/esbuild failed, reason: getaddrinfo EAI_AGAIN registry.npmjs.org
3 error     at ClientRequest.<anonymous> (/usr/lib/node_modules/lerna/node_modules/node-fetch-npm/src/index.js:68:14)
3 error     at ClientRequest.emit (node:events:394:28)
3 error     at TLSSocket.socketErrorListener (node:_http_client:447:9)
3 error     at TLSSocket.emit (node:events:394:28)
3 error     at emitErrorNT (node:internal/streams/destroy:157:8)
3 error     at emitErrorCloseNT (node:internal/streams/destroy:122:3)
